{
    "python.pythonPath": "C:\\Python39\\python.exe"
}65 - INFO - Opening First image ...
56 - INFO - Browsing image ...
56 - INFO - Browsing image ...
56 - INFO - Browsing image ...
80 - INFO - Opening Second image ...
123 - INFO - Changing First Slider's Value ... 
125 - INFO - Changing Second Slider's Value ... 
127 - INFO - Changing First Component Value ... 
129 - INFO - Changing Second Component Value ... 
123 - INFO - Changing First Slider's Value ... 
125 - INFO - Changing Second Slider's Value ... 
127 - INFO - Changing First Component Value ... 
129 - INFO - Changing Second Component Value ... 
123 - INFO - Changing First Slider's Value ... 
125 - INFO - Changing Second Slider's Value ... 
127 - INFO - Changing First Component Value ... 
129 - INFO - Changing Second Component Value ... 
123 - INFO - Changing First Slider's Value ... 
125 - INFO - Changing Second Slider's Value ... 
127 - INFO - Changing First Component Value ... 
129 - INFO - Changing Second Component Value ... 
123 - INFO - Changing First Slider's Value ... 
125 - INFO - Changing Second Slider's Value ... 
127 - INFO - Changing First Component Value ... 
129 - INFO - Changing Second Component Value ... 
123 - INFO - Changing First Slider's Value ... 
125 - INFO - Changing Second Slider's Value ... 
127 - INFO - Changing First Component Value ... 
129 - INFO - Changing Second Component Value ... 
123 - INFO - Changing First Slider's Value ... 
125 - INFO - Changing Second Slider's Value ... 
127 - INFO - Changing First Component Value ... 
129 - INFO - Changing Second Component Value ... 
123 - INFO - Changing First Slider's Value ... 
125 - INFO - Changing Second Slider's Value ... 
127 - INFO - Changing First Component Value ... 
129 - INFO - Changing Second Component Value ... 
123 - INFO - Changing First Slider's Value ... 
125 - INFO - Changing Second Slider's Value ... 
127 - INFO - Changing First Component Value ... 
129 - INFO - Changing Second Component Value ... 
123 - INFO - Changing First Slider's Value ... 
125 - INFO - Changing Second Slider's Value ... 
127 - INFO - Changing First Component Value ... 
129 - INFO - Changing Second Component Value ... 
123 - INFO - Changing First Slider's Value ... 
125 - INFO - Changing Second Slider's Value ... 
127 - INFO - Changing First Component Value ... 
129 - INFO - Changing Second Component Value ... 
123 - INFO - Changing First Slider's Value ... 
125 - INFO - Changing Second Slider's Value ... 
127 - INFO - Changing First Component Value ... 
129 - INFO - Changing Second Component Value ... 
123 - INFO - Changing First Slider's Value ... 
125 - INFO - Changing Second Slider's Value ... 
127 - INFO - Changing First Component Value ... 
129 - INFO - Changing Second Component Value ... 
123 - INFO - Changing First Slider's Value ... 
125 - INFO - Changing Second Slider's Value ... 
127 - INFO - Changing First Component Value ... 
129 - INFO - Changing Second Component Value ... 
123 - INFO - Changing First Slider's Value ... 
125 - INFO - Changing Second Slider's Value ... 
127 - INFO - Changing First Component Value ... 
129 - INFO - Changing Second Component Value ... 
123 - INFO - Changing First Slider's Value ... 
125 - INFO - Changing Second Slider's Value ... 
127 - INFO - Changing First Component Value ... 
129 - INFO - Changing Second Component Value ... 
123 - INFO - Changing First Slider's Value ... 
125 - INFO - Changing Second Slider's Value ... 
127 - INFO - Changing First Component Value ... 
129 - INFO - Changing Second Component Value ... 
123 - INFO - Changing First Slider's Value ... 
125 - INFO - Changing Second Slider's Value ... 
127 - INFO - Changing First Component Value ... 
129 - INFO - Changing Second Component Value ... 
123 - INFO - Changing First Slider's Value ... 
125 - INFO - Changing Second Slider's Value ... 
127 - INFO - Changing First Component Value ... 
129 - INFO - Changing Second Component Value ... 
123 - INFO - Changing First Slider's Value ... 
125 - INFO - Changing Second Slider's Value ... 
127 - INFO - Changing First Component Value ... 
129 - INFO - Changing Second Component Value ... 
123 - INFO - Changing First Slider's Value ... 
125 - INFO - Changing Second Slider's Value ... 
127 - INFO - Changing First Component Value ... 
129 - INFO - Changing Second Component Value ... 
123 - INFO - Changing First Slider's Value ... 
125 - INFO - Changing Second Slider's Value ... 
127 - INFO - Changing First Component Value ... 
129 - INFO - Changing Second Component Value ... 
123 - INFO - Changing First Slider's Value ... 
125 - INFO - Changing Second Slider's Value ... 
127 - INFO - Changing First Component Value ... 
129 - INFO - Changing Second Component Value ... 
123 - INFO - Changing First Slider's Value ... 
125 - INFO - Changing Second Slider's Value ... 
127 - INFO - Changing First Component Value ... 
129 - INFO - Changing Second Component Value ... 
123 - INFO - Changing First Slider's Value ... 
125 - INFO - Changing Second Slider's Value ... 
127 - INFO - Changing First Component Value ... 
129 - INFO - Changing Second Component Value ... 
123 - INFO - Changing First Slider's Value ... 
125 - INFO - Changing Second Slider's Value ... 
127 - INFO - Changing First Component Value ... 
129 - INFO - Changing Second Component Value ... 
123 - INFO - Changing First Slider's Value ... 
125 - INFO - Changing Second Slider's Value ... 
127 - INFO - Changing First Component Value ... 
129 - INFO - Changing Second Component Value ... 
123 - INFO - Changing First Slider's Value ... 
125 - INFO - Changing Second Slider's Value ... 
127 - INFO - Changing First Component Value ... 
129 - INFO - Changing Second Component Value ... 
123 - INFO - Changing First Slider's Value ... 
125 - INFO - Changing Second Slider's Value ... 
127 - INFO - Changing First Component Value ... 
129 - INFO - Changing Second Component Value ... 
123 - INFO - Changing First Slider's Value ... 
125 - INFO - Changing Second Slider's Value ... 
127 - INFO - Changing First Component Value ... 
129 - INFO - Changing Second Component Value ... 
123 - INFO - Changing First Slider's Value ... 
125 - INFO - Changing Second Slider's Value ... 
127 - INFO - Changing First Component Value ... 
129 - INFO - Changing Second Component Value ... 
123 - INFO - Changing First Slider's Value ... 
125 - INFO - Changing Second Slider's Value ... 
127 - INFO - Changing First Component Value ... 
129 - INFO - Changing Second Component Value ... 
123 - INFO - Changing First Slider's Value ... 
125 - INFO - Changing Second Slider's Value ... 
127 - INFO - Changing First Component Value ... 
129 - INFO - Changing Second Component Value ... 
123 - INFO - Changing First Slider's Value ... 
125 - INFO - Changing Second Slider's Value ... 
127 - INFO - Changing First Component Value ... 
129 - INFO - Changing Second Component Value ... 
123 - INFO - Changing First Slider's Value ... 
125 - INFO - Changing Second Slider's Value ... 
127 - INFO - Changing First Component Value ... 
129 - INFO - Changing Second Component Value ... 
123 - INFO - Changing First Slider's Value ... 
125 - INFO - Changing Second Slider's Value ... 
127 - INFO - Changing First Component Value ... 
129 - INFO - Changing Second Component Value ... 
123 - INFO - Changing First Slider's Value ... 
125 - INFO - Changing Second Slider's Value ... 
127 - INFO - Changing First Component Value ... 
129 - INFO - Changing Second Component Value ... 
123 - INFO - Changing First Slider's Value ... 
125 - INFO - Changing Second Slider's Value ... 
127 - INFO - Changing First Component Value ... 
129 - INFO - Changing Second Component Value ... 
123 - INFO - Changing First Slider's Value ... 
125 - INFO - Changing Second Slider's Value ... 
127 - INFO - Changing First Component Value ... 
129 - INFO - Changing Second Component Value ... 
123 - INFO - Changing First Slider's Value ... 
125 - INFO - Changing Second Slider's Value ... 
127 - INFO - Changing First Component Value ... 
129 - INFO - Changing Second Component Value ... 
123 - INFO - Changing First Slider's Value ... 
125 - INFO - Changing Second Slider's Value ... 
127 - INFO - Changing First Component Value ... 
129 - INFO - Changing Second Component Value ... 
123 - INFO - Changing First Slider's Value ... 
125 - INFO - Changing Second Slider's Value ... 
127 - INFO - Changing First Component Value ... 
129 - INFO - Changing Second Component Value ... 
123 - INFO - Changing First Slider's Value ... 
125 - INFO - Changing Second Slider's Value ... 
127 - INFO - Changing First Component Value ... 
129 - INFO - Changing Second Component Value ... 
123 - INFO - Changing First Slider's Value ... 
125 - INFO - Changing Second Slider's Value ... 
127 - INFO - Changing First Component Value ... 
129 - INFO - Changing Second Component Value ... 
123 - INFO - Changing First Slider's Value ... 
125 - INFO - Changing Second Slider's Value ... 
127 - INFO - Changing First Component Value ... 
129 - INFO - Changing Second Component Value ... 
123 - INFO - Changing First Slider's Value ... 
125 - INFO - Changing Second Slider's Value ... 
127 - INFO - Changing First Component Value ... 
129 - INFO - Changing Second Component Value ... 
123 - INFO - Changing First Slider's Value ... 
125 - INFO - Changing Second Slider's Value ... 
127 - INFO - Changing First Component Value ... 
129 - INFO - Changing Second Component Value ... 
123 - INFO - Changing First Slider's Value ... 
125 - INFO - Changing Second Slider's Value ... 
127 - INFO - Changing First Component Value ... 
129 - INFO - Changing Second Component Value ... 
123 - INFO - Changing First Slider's Value ... 
125 - INFO - Changing Second Slider's Value ... 
127 - INFO - Changing First Component Value ... 
129 - INFO - Changing Second Component Value ... 
123 - INFO - Changing First Slider's Value ... 
125 - INFO - Changing Second Slider's Value ... 
127 - INFO - Changing First Component Value ... 
129 - INFO - Changing Second Component Value ... 
123 - INFO - Changing First Slider's Value ... 
125 - INFO - Changing Second Slider's Value ... 
127 - INFO - Changing First Component Value ... 
129 - INFO - Changing Second Component Value ... 
123 - INFO - Changing First Slider's Value ... 
125 - INFO - Changing Second Slider's Value ... 
127 - INFO - Changing First Component Value ... 
129 - INFO - Changing Second Component Value ... 
123 - INFO - Changing First Slider's Value ... 
125 - INFO - Changing Second Slider's Value ... 
127 - INFO - Changing First Component Value ... 
129 - INFO - Changing Second Component Value ... 
123 - INFO - Changing First Slider's Value ... 
125 - INFO - Changing Second Slider's Value ... 
127 - INFO - Changing First Component Value ... 
129 - INFO - Changing Second Component Value ... 
123 - INFO - Changing First Slider's Value ... 
125 - INFO - Changing Second Slider's Value ... 
127 - INFO - Changing First Component Value ... 
129 - INFO - Changing Second Component Value ... 
123 - INFO - Changing First Slider's Value ... 
125 - INFO - Changing Second Slider's Value ... 
127 - INFO - Changing First Component Value ... 
129 - INFO - Changing Second Component Value ... 
123 - INFO - Changing First Slider's Value ... 
125 - INFO - Changing Second Slider's Value ... 
127 - INFO - Changing First Component Value ... 
129 - INFO - Changing Second Component Value ... 
123 - INFO - Changing First Slider's Value ... 
125 - INFO - Changing Second Slider's Value ... 
127 - INFO - Changing First Component Value ... 
129 - INFO - Changing Second Component Value ... 
123 - INFO - Changing First Slider's Value ... 
125 - INFO - Changing Second Slider's Value ... 
127 - INFO - Changing First Component Value ... 
129 - INFO - Changing Second Component Value ... 
123 - INFO - Changing First Slider's Value ... 
125 - INFO - Changing Second Slider's Value ... 
127 - INFO - Changing First Component Value ... 
129 - INFO - Changing Second Component Value ... 
123 - INFO - Changing First Slider's Value ... 
125 - INFO - Changing Second Slider's Value ... 
127 - INFO - Changing First Component Value ... 
129 - INFO - Changing Second Component Value ... 
123 - INFO - Changing First Slider's Value ... 
125 - INFO - Changing Second Slider's Value ... 
127 - INFO - Changing First Component Value ... 
129 - INFO - Changing Second Component Value ... 
123 - INFO - Changing First Slider's Value ... 
125 - INFO - Changing Second Slider's Value ... 
127 - INFO - Changing First Component Value ... 
129 - INFO - Changing Second Component Value ... 
123 - INFO - Changing First Slider's Value ... 
125 - INFO - Changing Second Slider's Value ... 
127 - INFO - Changing First Component Value ... 
129 - INFO - Changing Second Component Value ... 
123 - INFO - Changing First Slider's Value ... 
125 - INFO - Changing Second Slider's Value ... 
127 - INFO - Changing First Component Value ... 
129 - INFO - Changing Second Component Value ... 
123 - INFO - Changing First Slider's Value ... 
125 - INFO - Changing Second Slider's Value ... 
127 - INFO - Changing First Component Value ... 
129 - INFO - Changing Second Component Value ... 
123 - INFO - Changing First Slider's Value ... 
125 - INFO - Changing Second Slider's Value ... 
127 - INFO - Changing First Component Value ... 
129 - INFO - Changing Second Component Value ... 
123 - INFO - Changing First Slider's Value ... 
125 - INFO - Changing Second Slider's Value ... 
127 - INFO - Changing First Component Value ... 
129 - INFO - Changing Second Component Value ... 
123 - INFO - Changing First Slider's Value ... 
125 - INFO - Changing Second Slider's Value ... 
127 - INFO - Changing First Component Value ... 
129 - INFO - Changing Second Component Value ... 
123 - INFO - Changing First Slider's Value ... 
125 - INFO - Changing Second Slider's Value ... 
127 - INFO - Changing First Component Value ... 
129 - INFO - Changing Second Component Value ... 
123 - INFO - Changing First Slider's Value ... 
125 - INFO - Changing Second Slider's Value ... 
127 - INFO - Changing First Component Value ... 
129 - INFO - Changing Second Component Value ... 
123 - INFO - Changing First Slider's Value ... 
125 - INFO - Changing Second Slider's Value ... 
127 - INFO - Changing First Component Value ... 
129 - INFO - Changing Second Component Value ... 
123 - INFO - Changing First Slider's Value ... 
125 - INFO - Changing Second Slider's Value ... 
127 - INFO - Changing First Component Value ... 
129 - INFO - Changing Second Component Value ... 
123 - INFO - Changing First Slider's Value ... 
125 - INFO - Changing Second Slider's Value ... 
127 - INFO - Changing First Component Value ... 
129 - INFO - Changing Second Component Value ... 
123 - INFO - Changing First Slider's Value ... 
125 - INFO - Changing Second Slider's Value ... 
127 - INFO - Changing First Component Value ... 
129 - INFO - Changing Second Component Value ... 
123 - INFO - Changing First Slider's Value ... 
125 - INFO - Changing Second Slider's Value ... 
127 - INFO - Changing First Component Value ... 
129 - INFO - Changing Second Component Value ... 
123 - INFO - Changing First Slider's Value ... 
125 - INFO - Changing Second Slider's Value ... 
127 - INFO - Changing First Component Value ... 
129 - INFO - Changing Second Component Value ... 
123 - INFO - Changing First Slider's Value ... 
125 - INFO - Changing Second Slider's Value ... 
127 - INFO - Changing First Component Value ... 
129 - INFO - Changing Second Component Value ... 
123 - INFO - Changing First Slider's Value ... 
125 - INFO - Changing Second Slider's Value ... 
127 - INFO - Changing First Component Value ... 
129 - INFO - Changing Second Component Value ... 
123 - INFO - Changing First Slider's Value ... 
125 - INFO - Changing Second Slider's Value ... 
127 - INFO - Changing First Component Value ... 
129 - INFO - Changing Second Component Value ... 
123 - INFO - Changing First Slider's Value ... 
125 - INFO - Changing Second Slider's Value ... 
127 - INFO - Changing First Component Value ... 
129 - INFO - Changing Second Component Value ... 
123 - INFO - Changing First Slider's Value ... 
125 - INFO - Changing Second Slider's Value ... 
127 - INFO - Changing First Component Value ... 
129 - INFO - Changing Second Component Value ... 
123 - INFO - Changing First Slider's Value ... 
125 - INFO - Changing Second Slider's Value ... 
127 - INFO - Changing First Component Value ... 
129 - INFO - Changing Second Component Value ... 
123 - INFO - Changing First Slider's Value ... 
125 - INFO - Changing Second Slider's Value ... 
127 - INFO - Changing First Component Value ... 
129 - INFO - Changing Second Component Value ... 
123 - INFO - Changing First Slider's Value ... 
125 - INFO - Changing Second Slider's Value ... 
127 - INFO - Changing First Component Value ... 
129 - INFO - Changing Second Component Value ... 
123 - INFO - Changing First Slider's Value ... 
125 - INFO - Changing Second Slider's Value ... 
127 - INFO - Changing First Component Value ... 
129 - INFO - Changing Second Component Value ... 
123 - INFO - Changing First Slider's Value ... 
125 - INFO - Changing Second Slider's Value ... 
127 - INFO - Changing First Component Value ... 
129 - INFO - Changing Second Component Value ... 
123 - INFO - Changing First Slider's Value ... 
125 - INFO - Changing Second Slider's Value ... 
127 - INFO - Changing First Component Value ... 
129 - INFO - Changing Second Component Value ... 
123 - INFO - Changing First Slider's Value ... 
125 - INFO - Changing Second Slider's Value ... 
127 - INFO - Changing First Component Value ... 
129 - INFO - Changing Second Component Value ... 
123 - INFO - Changing First Slider's Value ... 
125 - INFO - Changing Second Slider's Value ... 
127 - INFO - Changing First Component Value ... 
129 - INFO - Changing Second Component Value ... 
123 - INFO - Changing First Slider's Value ... 
125 - INFO - Changing Second Slider's Value ... 
127 - INFO - Changing First Component Value ... 
129 - INFO - Changing Second Component Value ... 
123 - INFO - Changing First Slider's Value ... 
125 - INFO - Changing Second Slider's Value ... 
127 - INFO - Changing First Component Value ... 
129 - INFO - Changing Second Component Value ... 
123 - INFO - Changing First Slider's Value ... 
125 - INFO - Changing Second Slider's Value ... 
127 - INFO - Changing First Component Value ... 
129 - INFO - Changing Second Component Value ... 
123 - INFO - Changing First Slider's Value ... 
125 - INFO - Changing Second Slider's Value ... 
127 - INFO - Changing First Component Value ... 
129 - INFO - Changing Second Component Value ... 
123 - INFO - Changing First Slider's Value ... 
125 - INFO - Changing Second Slider's Value ... 
127 - INFO - Changing First Component Value ... 
129 - INFO - Changing Second Component Value ... 
123 - INFO - Changing First Slider's Value ... 
125 - INFO - Changing Second Slider's Value ... 
127 - INFO - Changing First Component Value ... 
129 - INFO - Changing Second Component Value ... 
123 - INFO - Changing First Slider's Value ... 
125 - INFO - Changing Second Slider's Value ... 
127 - INFO - Changing First Component Value ... 
129 - INFO - Changing Second Component Value ... 
123 - INFO - Changing First Slider's Value ... 
125 - INFO - Changing Second Slider's Value ... 
127 - INFO - Changing First Component Value ... 
129 - INFO - Changing Second Component Value ... 
123 - INFO - Changing First Slider's Value ... 
125 - INFO - Changing Second Slider's Value ... 
127 - INFO - Changing First Component Value ... 
129 - INFO - Changing Second Component Value ... 
123 - INFO - Changing First Slider's Value ... 
125 - INFO - Changing Second Slider's Value ... 
127 - INFO - Changing First Component Value ... 
129 - INFO - Changing Second Component Value ... 
123 - INFO - Changing First Slider's Value ... 
125 - INFO - Changing Second Slider's Value ... 
127 - INFO - Changing First Component Value ... 
129 - INFO - Changing Second Component Value ... 
123 - INFO - Changing First Slider's Value ... 
125 - INFO - Changing Second Slider's Value ... 
127 - INFO - Changing First Component Value ... 
129 - INFO - Changing Second Component Value ... 
123 - INFO - Changing First Slider's Value ... 
125 - INFO - Changing Second Slider's Value ... 
127 - INFO - Changing First Component Value ... 
129 - INFO - Changing Second Component Value ... 
123 - INFO - Changing First Slider's Value ... 
125 - INFO - Changing Second Slider's Value ... 
127 - INFO - Changing First Component Value ... 
129 - INFO - Changing Second Component Value ... 
123 - INFO - Changing First Slider's Value ... 
125 - INFO - Changing Second Slider's Value ... 
127 - INFO - Changing First Component Value ... 
129 - INFO - Changing Second Component Value ... 
123 - INFO - Changing First Slider's Value ... 
125 - INFO - Changing Second Slider's Value ... 
127 - INFO - Changing First Component Value ... 
129 - INFO - Changing Second Component Value ... 
123 - INFO - Changing First Slider's Value ... 
125 - INFO - Changing Second Slider's Value ... 
127 - INFO - Changing First Component Value ... 
129 - INFO - Changing Second Component Value ... 
123 - INFO - Changing First Slider's Value ... 
125 - INFO - Changing Second Slider's Value ... 
127 - INFO - Changing First Component Value ... 
129 - INFO - Changing Second Component Value ... 
123 - INFO - Changing First Slider's Value ... 
125 - INFO - Changing Second Slider's Value ... 
127 - INFO - Changing First Component Value ... 
129 - INFO - Changing Second Component Value ... 
123 - INFO - Changing First Slider's Value ... 
125 - INFO - Changing Second Slider's Value ... 
127 - INFO - Changing First Component Value ... 
129 - INFO - Changing Second Component Value ... 
123 - INFO - Changing First Slider's Value ... 
125 - INFO - Changing Second Slider's Value ... 
127 - INFO - Changing First Component Value ... 
129 - INFO - Changing Second Component Value ... 
123 - INFO - Changing First Slider's Value ... 
125 - INFO - Changing Second Slider's Value ... 
127 - INFO - Changing First Component Value ... 
129 - INFO - Changing Second Component Value ... 
123 - INFO - Changing First Slider's Value ... 
125 - INFO - Changing Second Slider's Value ... 
127 - INFO - Changing First Component Value ... 
129 - INFO - Changing Second Component Value ... 
123 - INFO - Changing First Slider's Value ... 
125 - INFO - Changing Second Slider's Value ... 
127 - INFO - Changing First Component Value ... 
129 - INFO - Changing Second Component Value ... 
123 - INFO - Changing First Slider's Value ... 
125 - INFO - Changing Second Slider's Value ... 
127 - INFO - Changing First Component Value ... 
129 - INFO - Changing Second Component Value ... 
123 - INFO - Changing First Slider's Value ... 
125 - INFO - Changing Second Slider's Value ... 
127 - INFO - Changing First Component Value ... 
129 - INFO - Changing Second Component Value ... 
123 - INFO - Changing First Slider's Value ... 
125 - INFO - Changing Second Slider's Value ... 
127 - INFO - Changing First Component Value ... 
129 - INFO - Changing Second Component Value ... 
123 - INFO - Changing First Slider's Value ... 
125 - INFO - Changing Second Slider's Value ... 
127 - INFO - Changing First Component Value ... 
129 - INFO - Changing Second Component Value ... 
123 - INFO - Changing First Slider's Value ... 
125 - INFO - Changing Second Slider's Value ... 
127 - INFO - Changing First Component Value ... 
129 - INFO - Changing Second Component Value ... 
