68 - INFO - Browsing image ...
77 - INFO -  Browsed Successfully ! 
88 - INFO - Opened First image ...
68 - INFO - Browsing image ...
77 - INFO -  Browsed Successfully ! 
93 - WARNING - Opened Image with different dimensions ...
68 - INFO - Browsing image ...
77 - INFO -  Browsed Successfully ! 
102 - INFO -  Opening Second image ...
102 - INFO -  Opening Second image ...
102 - INFO -  Opening Second image ...
102 - INFO -  Opening Second image ...
102 - INFO -  Opening Second image ...
102 - INFO -  Opening Second image ...
102 - INFO -  Opening Second image ...
102 - INFO -  Opening Second image ...
102 - INFO -  Opening Second image ...
112 - INFO -  Presenting Magnitude.... 
112 - INFO -  Presenting Magnitude.... 
118 - INFO -  Presenting Real.... 
164 - INFO - Error! Can't Mix ... 
197 - INFO - Mixing 100% of Image 1 Real and 0% of Choose Image Imaginary in Output 1 at mixing mood of: realimg 
164 - INFO - Error! Can't Mix ... 
197 - INFO - Mixing 100% of Image 1 Real and 0% of Image 2 Imaginary in Output 1 at mixing mood of: realimg 
197 - INFO - Mixing 100% of Image 1 Real and 1% of Image 2 Imaginary in Output 1 at mixing mood of: realimg 
197 - INFO - Mixing 100% of Image 1 Real and 3% of Image 2 Imaginary in Output 1 at mixing mood of: realimg 
197 - INFO - Mixing 100% of Image 1 Real and 4% of Image 2 Imaginary in Output 1 at mixing mood of: realimg 
197 - INFO - Mixing 100% of Image 1 Real and 5% of Image 2 Imaginary in Output 1 at mixing mood of: realimg 
197 - INFO - Mixing 100% of Image 1 Real and 8% of Image 2 Imaginary in Output 1 at mixing mood of: realimg 
197 - INFO - Mixing 100% of Image 1 Real and 9% of Image 2 Imaginary in Output 1 at mixing mood of: realimg 
197 - INFO - Mixing 100% of Image 1 Real and 11% of Image 2 Imaginary in Output 1 at mixing mood of: realimg 
197 - INFO - Mixing 100% of Image 1 Real and 13% of Image 2 Imaginary in Output 1 at mixing mood of: realimg 
197 - INFO - Mixing 100% of Image 1 Real and 14% of Image 2 Imaginary in Output 1 at mixing mood of: realimg 
197 - INFO - Mixing 100% of Image 1 Real and 15% of Image 2 Imaginary in Output 1 at mixing mood of: realimg 
197 - INFO - Mixing 100% of Image 1 Real and 18% of Image 2 Imaginary in Output 1 at mixing mood of: realimg 
197 - INFO - Mixing 100% of Image 1 Real and 20% of Image 2 Imaginary in Output 1 at mixing mood of: realimg 
197 - INFO - Mixing 100% of Image 1 Real and 21% of Image 2 Imaginary in Output 1 at mixing mood of: realimg 
197 - INFO - Mixing 100% of Image 1 Real and 22% of Image 2 Imaginary in Output 1 at mixing mood of: realimg 
197 - INFO - Mixing 100% of Image 1 Real and 24% of Image 2 Imaginary in Output 1 at mixing mood of: realimg 
197 - INFO - Mixing 100% of Image 1 Real and 25% of Image 2 Imaginary in Output 1 at mixing mood of: realimg 
197 - INFO - Mixing 100% of Image 1 Real and 26% of Image 2 Imaginary in Output 1 at mixing mood of: realimg 
197 - INFO - Mixing 100% of Image 1 Real and 27% of Image 2 Imaginary in Output 1 at mixing mood of: realimg 
197 - INFO - Mixing 100% of Image 1 Real and 28% of Image 2 Imaginary in Output 1 at mixing mood of: realimg 
197 - INFO - Mixing 100% of Image 1 Real and 30% of Image 2 Imaginary in Output 1 at mixing mood of: realimg 
197 - INFO - Mixing 100% of Image 1 Real and 34% of Image 2 Imaginary in Output 1 at mixing mood of: realimg 
197 - INFO - Mixing 100% of Image 1 Real and 35% of Image 2 Imaginary in Output 1 at mixing mood of: realimg 
197 - INFO - Mixing 100% of Image 1 Real and 37% of Image 2 Imaginary in Output 1 at mixing mood of: realimg 
197 - INFO - Mixing 100% of Image 1 Real and 39% of Image 2 Imaginary in Output 1 at mixing mood of: realimg 
197 - INFO - Mixing 100% of Image 1 Real and 40% of Image 2 Imaginary in Output 1 at mixing mood of: realimg 
197 - INFO - Mixing 100% of Image 1 Real and 43% of Image 2 Imaginary in Output 1 at mixing mood of: realimg 
197 - INFO - Mixing 100% of Image 1 Real and 44% of Image 2 Imaginary in Output 1 at mixing mood of: realimg 
197 - INFO - Mixing 100% of Image 1 Real and 45% of Image 2 Imaginary in Output 1 at mixing mood of: realimg 
197 - INFO - Mixing 100% of Image 1 Real and 47% of Image 2 Imaginary in Output 1 at mixing mood of: realimg 
197 - INFO - Mixing 100% of Image 1 Real and 48% of Image 2 Imaginary in Output 1 at mixing mood of: realimg 
197 - INFO - Mixing 100% of Image 1 Real and 49% of Image 2 Imaginary in Output 1 at mixing mood of: realimg 
197 - INFO - Mixing 100% of Image 1 Real and 56% of Image 2 Imaginary in Output 1 at mixing mood of: realimg 
197 - INFO - Mixing 100% of Image 1 Real and 66% of Image 2 Imaginary in Output 1 at mixing mood of: realimg 
197 - INFO - Mixing 100% of Image 1 Real and 76% of Image 2 Imaginary in Output 1 at mixing mood of: realimg 
197 - INFO - Mixing 100% of Image 1 Real and 83% of Image 2 Imaginary in Output 1 at mixing mood of: realimg 
197 - INFO - Mixing 100% of Image 1 Real and 87% of Image 2 Imaginary in Output 1 at mixing mood of: realimg 
197 - INFO - Mixing 100% of Image 1 Real and 88% of Image 2 Imaginary in Output 1 at mixing mood of: realimg 
197 - INFO - Mixing 100% of Image 1 Real and 89% of Image 2 Imaginary in Output 1 at mixing mood of: realimg 
197 - INFO - Mixing 100% of Image 1 Real and 90% of Image 2 Imaginary in Output 1 at mixing mood of: realimg 
197 - INFO - Mixing 100% of Image 1 Real and 94% of Image 2 Imaginary in Output 1 at mixing mood of: realimg 
197 - INFO - Mixing 100% of Image 1 Real and 95% of Image 2 Imaginary in Output 1 at mixing mood of: realimg 
197 - INFO - Mixing 100% of Image 1 Real and 98% of Image 2 Imaginary in Output 1 at mixing mood of: realimg 
197 - INFO - Mixing 100% of Image 1 Real and 99% of Image 2 Imaginary in Output 1 at mixing mood of: realimg 
197 - INFO - Mixing 100% of Image 1 Real and 100% of Image 2 Imaginary in Output 1 at mixing mood of: realimg 
197 - INFO - Mixing 99% of Image 1 Real and 100% of Image 2 Imaginary in Output 1 at mixing mood of: realimg 
197 - INFO - Mixing 88% of Image 1 Real and 100% of Image 2 Imaginary in Output 1 at mixing mood of: realimg 
197 - INFO - Mixing 78% of Image 1 Real and 100% of Image 2 Imaginary in Output 1 at mixing mood of: realimg 
197 - INFO - Mixing 67% of Image 1 Real and 100% of Image 2 Imaginary in Output 1 at mixing mood of: realimg 
197 - INFO - Mixing 59% of Image 1 Real and 100% of Image 2 Imaginary in Output 1 at mixing mood of: realimg 
197 - INFO - Mixing 53% of Image 1 Real and 100% of Image 2 Imaginary in Output 1 at mixing mood of: realimg 
197 - INFO - Mixing 48% of Image 1 Real and 100% of Image 2 Imaginary in Output 1 at mixing mood of: realimg 
197 - INFO - Mixing 46% of Image 1 Real and 100% of Image 2 Imaginary in Output 1 at mixing mood of: realimg 
197 - INFO - Mixing 45% of Image 1 Real and 100% of Image 2 Imaginary in Output 1 at mixing mood of: realimg 
197 - INFO - Mixing 44% of Image 1 Real and 100% of Image 2 Imaginary in Output 1 at mixing mood of: realimg 
197 - INFO - Mixing 43% of Image 1 Real and 100% of Image 2 Imaginary in Output 1 at mixing mood of: realimg 
197 - INFO - Mixing 41% of Image 1 Real and 100% of Image 2 Imaginary in Output 1 at mixing mood of: realimg 
197 - INFO - Mixing 40% of Image 1 Real and 100% of Image 2 Imaginary in Output 1 at mixing mood of: realimg 
197 - INFO - Mixing 40% of Image 1 Real and 100% of Image 2 Imaginary in Output 2 at mixing mood of: realimg 
164 - INFO - Error! Can't Mix ... 
197 - INFO - Mixing 40% of Image 1 Magnitude and 100% of Image 2 Phase in Output 2 at mixing mood of: magphase 
164 - INFO - Error! Can't Mix ... 
197 - INFO - Mixing 40% of Image 1 Magnitude and 100% of Image 2 Uniphase in Output 2 at mixing mood of: uniphase 
197 - INFO - Mixing 40% of Image 1 Magnitude and 100% of Image 2 Phase in Output 2 at mixing mood of: magphase 
197 - INFO - Mixing 41% of Image 1 Magnitude and 100% of Image 2 Phase in Output 2 at mixing mood of: magphase 
197 - INFO - Mixing 51% of Image 1 Magnitude and 100% of Image 2 Phase in Output 2 at mixing mood of: magphase 
197 - INFO - Mixing 56% of Image 1 Magnitude and 100% of Image 2 Phase in Output 2 at mixing mood of: magphase 
197 - INFO - Mixing 68% of Image 1 Magnitude and 100% of Image 2 Phase in Output 2 at mixing mood of: magphase 
197 - INFO - Mixing 78% of Image 1 Magnitude and 100% of Image 2 Phase in Output 2 at mixing mood of: magphase 
197 - INFO - Mixing 87% of Image 1 Magnitude and 100% of Image 2 Phase in Output 2 at mixing mood of: magphase 
197 - INFO - Mixing 91% of Image 1 Magnitude and 100% of Image 2 Phase in Output 2 at mixing mood of: magphase 
197 - INFO - Mixing 93% of Image 1 Magnitude and 100% of Image 2 Phase in Output 2 at mixing mood of: magphase 
197 - INFO - Mixing 94% of Image 1 Magnitude and 100% of Image 2 Phase in Output 2 at mixing mood of: magphase 
197 - INFO - Mixing 95% of Image 1 Magnitude and 100% of Image 2 Phase in Output 2 at mixing mood of: magphase 
197 - INFO - Mixing 96% of Image 1 Magnitude and 100% of Image 2 Phase in Output 2 at mixing mood of: magphase 
197 - INFO - Mixing 98% of Image 1 Magnitude and 100% of Image 2 Phase in Output 2 at mixing mood of: magphase 
197 - INFO - Mixing 99% of Image 1 Magnitude and 100% of Image 2 Phase in Output 2 at mixing mood of: magphase 
197 - INFO - Mixing 99% of Image 1 Magnitude and 98% of Image 2 Phase in Output 2 at mixing mood of: magphase 
197 - INFO - Mixing 99% of Image 1 Magnitude and 81% of Image 2 Phase in Output 2 at mixing mood of: magphase 
197 - INFO - Mixing 99% of Image 1 Magnitude and 70% of Image 2 Phase in Output 2 at mixing mood of: magphase 
197 - INFO - Mixing 99% of Image 1 Magnitude and 67% of Image 2 Phase in Output 2 at mixing mood of: magphase 
197 - INFO - Mixing 99% of Image 1 Magnitude and 66% of Image 2 Phase in Output 2 at mixing mood of: magphase 
197 - INFO - Mixing 99% of Image 1 Magnitude and 58% of Image 2 Phase in Output 2 at mixing mood of: magphase 
197 - INFO - Mixing 99% of Image 1 Magnitude and 57% of Image 2 Phase in Output 2 at mixing mood of: magphase 
197 - INFO - Mixing 99% of Image 1 Magnitude and 56% of Image 2 Phase in Output 2 at mixing mood of: magphase 
197 - INFO - Mixing 99% of Image 1 Magnitude and 55% of Image 2 Phase in Output 2 at mixing mood of: magphase 
197 - INFO - Mixing 99% of Image 1 Magnitude and 49% of Image 2 Phase in Output 2 at mixing mood of: magphase 
197 - INFO - Mixing 99% of Image 1 Magnitude and 47% of Image 2 Phase in Output 2 at mixing mood of: magphase 
197 - INFO - Mixing 99% of Image 1 Magnitude and 46% of Image 2 Phase in Output 2 at mixing mood of: magphase 
197 - INFO - Mixing 99% of Image 1 Magnitude and 41% of Image 2 Phase in Output 2 at mixing mood of: magphase 
197 - INFO - Mixing 99% of Image 1 Magnitude and 40% of Image 2 Phase in Output 2 at mixing mood of: magphase 
197 - INFO - Mixing 99% of Image 1 Magnitude and 37% of Image 2 Phase in Output 2 at mixing mood of: magphase 
197 - INFO - Mixing 99% of Image 1 Magnitude and 27% of Image 2 Phase in Output 2 at mixing mood of: magphase 
197 - INFO - Mixing 99% of Image 1 Magnitude and 22% of Image 2 Phase in Output 2 at mixing mood of: magphase 
197 - INFO - Mixing 99% of Image 1 Magnitude and 15% of Image 2 Phase in Output 2 at mixing mood of: magphase 
197 - INFO - Mixing 99% of Image 1 Magnitude and 5% of Image 2 Phase in Output 2 at mixing mood of: magphase 
197 - INFO - Mixing 99% of Image 1 Magnitude and 1% of Image 2 Phase in Output 2 at mixing mood of: magphase 
197 - INFO - Mixing 99% of Image 1 Magnitude and 0% of Image 2 Phase in Output 2 at mixing mood of: magphase 
